*********************************
>>输入文件读取开始
>>全局计算参数读取完毕
>>反应谱sp1数据读取完毕，共读取122个反应谱数据点
>>反应谱sp2数据读取完毕，共读取0个反应谱数据点
>>反应谱sp3数据读取完毕，共读取0个反应谱数据点
>>输入文件读取完毕，共读取3组反应谱数据
*********************************
*********************************
>>原始反应谱插值开始
>>反应谱sp1插值开始
>>反应谱sp1插值完成，目标反应谱：Target_sp1
>>反应谱sp2插值开始
>>反应谱sp2中无数据，插值中止
>>反应谱sp2插值失败
>>反应谱sp3插值开始
>>反应谱sp3中无数据，插值中止
>>反应谱sp3插值失败
>>原始反应谱插值结束，共成功插值1组反应谱数据
*********************************
*********************************
>>人工时程计算开始，从此步开始为每条反应谱单独生成人工时程
>>反应谱Target_sp1人工时时程拟合开始
>>反应谱Target_sp1功率密度谱计算开始
>>使用Vanmarcke方法由反应谱Target_sp1计算生成功率密度谱Target_sp1_Psd开始
>>使用Vanmarcke方法由反应谱Target_sp1计算生成功率密度谱Target_sp1_Psd完成
>>人工时程包络曲线计算开始
>>人工时程包络曲线计算完成
>>人工时程相位角计算开始
>>人工时程相位角计算完成
>>初始人工时程计算开始
>>>>初始人工时程包络曲线包络调整
>>>>初始人工时程峰值加速度调整
>>>>初始人工时程基线调整
>>初始人工时程计算完成
>>人工时程反应谱包络性调整开始
计算反应谱与目标反应谱包络性检查结果：
最大误差：0.81001；最大正误差：0.81001；最大负误差：-0.613805
低于目标谱10%控制点个数：16
低于目标谱控制点个数：23
高于目标谱30%控制点个数：63
初始时程不满足目标反应谱包络要求，开始进行迭代修正！
第1轮迭代修正开始！
计算反应谱与目标反应谱包络性检查结果：
最大误差：0.506938；最大正误差：0.506938；最大负误差：-0.453003
低于目标谱10%控制点个数：15
低于目标谱控制点个数：24
高于目标谱30%控制点个数：17
初始时程不满足目标反应谱包络要求，开始进行迭代修正！
第2轮迭代修正开始！
计算反应谱与目标反应谱包络性检查结果：
最大误差：0.342582；最大正误差：0.342582；最大负误差：-0.284734
低于目标谱10%控制点个数：14
低于目标谱控制点个数：28
高于目标谱30%控制点个数：2
初始时程不满足目标反应谱包络要求，开始进行迭代修正！
第3轮迭代修正开始！
计算反应谱与目标反应谱包络性检查结果：
最大误差：0.326911；最大正误差：0.326911；最大负误差：-0.180622
低于目标谱10%控制点个数：9
低于目标谱控制点个数：33
高于目标谱30%控制点个数：1
初始时程不满足目标反应谱包络要求，开始进行迭代修正！
第4轮迭代修正开始！
计算反应谱与目标反应谱包络性检查结果：
最大误差：0.300174；最大正误差：0.300174；最大负误差：-0.133838
低于目标谱10%控制点个数：2
低于目标谱控制点个数：34
高于目标谱30%控制点个数：1
初始时程不满足目标反应谱包络要求，开始进行迭代修正！
第5轮迭代修正开始！
计算反应谱与目标反应谱包络性检查结果：
最大误差：0.268151；最大正误差：0.268151；最大负误差：-0.106933
低于目标谱10%控制点个数：2
低于目标谱控制点个数：39
高于目标谱30%控制点个数：0
初始时程不满足目标反应谱包络要求，开始进行迭代修正！
第6轮迭代修正开始！
计算反应谱与目标反应谱包络性检查结果：
最大误差：0.237898；最大正误差：0.237898；最大负误差：-0.105913
低于目标谱10%控制点个数：1
低于目标谱控制点个数：37
高于目标谱30%控制点个数：0
初始时程不满足目标反应谱包络要求，开始进行迭代修正！
第7轮迭代修正开始！
计算反应谱与目标反应谱包络性检查结果：
最大误差：0.211595；最大正误差：0.211595；最大负误差：-0.103285
低于目标谱10%控制点个数：1
低于目标谱控制点个数：33
高于目标谱30%控制点个数：0
初始时程不满足目标反应谱包络要求，开始进行迭代修正！
第8轮迭代修正开始！
计算反应谱与目标反应谱包络性检查结果：
最大误差：0.189349；最大正误差：0.189349；最大负误差：-0.087033
低于目标谱10%控制点个数：0
低于目标谱控制点个数：31
高于目标谱30%控制点个数：0
初始时程不满足目标反应谱包络要求，开始进行迭代修正！
第9轮迭代修正开始！
计算反应谱与目标反应谱包络性检查结果：
最大误差：0.170999；最大正误差：0.170999；最大负误差：-0.0665162
低于目标谱10%控制点个数：0
低于目标谱控制点个数：30
高于目标谱30%控制点个数：0
初始时程不满足目标反应谱包络要求，开始进行迭代修正！
第10轮迭代修正开始！
计算反应谱与目标反应谱包络性检查结果：
最大误差：0.154859；最大正误差：0.154859；最大负误差：-0.0669051
低于目标谱10%控制点个数：0
低于目标谱控制点个数：28
高于目标谱30%控制点个数：0
初始时程不满足目标反应谱包络要求，开始进行迭代修正！
第11轮迭代修正开始！
计算反应谱与目标反应谱包络性检查结果：
最大误差：0.141524；最大正误差：0.141524；最大负误差：-0.0669594
低于目标谱10%控制点个数：0
低于目标谱控制点个数：27
高于目标谱30%控制点个数：0
初始时程不满足目标反应谱包络要求，开始进行迭代修正！
第12轮迭代修正开始！
计算反应谱与目标反应谱包络性检查结果：
最大误差：0.130964；最大正误差：0.130964；最大负误差：-0.0650656
低于目标谱10%控制点个数：0
低于目标谱控制点个数：23
高于目标谱30%控制点个数：0
初始时程不满足目标反应谱包络要求，开始进行迭代修正！
第13轮迭代修正开始！
计算反应谱与目标反应谱包络性检查结果：
最大误差：0.122637；最大正误差：0.122637；最大负误差：-0.0569266
低于目标谱10%控制点个数：0
低于目标谱控制点个数：20
高于目标谱30%控制点个数：0
初始时程不满足目标反应谱包络要求，开始进行迭代修正！
第14轮迭代修正开始！
计算反应谱与目标反应谱包络性检查结果：
最大误差：0.116086；最大正误差：0.116086；最大负误差：-0.0561938
低于目标谱10%控制点个数：0
低于目标谱控制点个数：20
高于目标谱30%控制点个数：0
初始时程不满足目标反应谱包络要求，开始进行迭代修正！
第15轮迭代修正开始！
计算反应谱与目标反应谱包络性检查结果：
最大误差：0.121653；最大正误差：0.121653；最大负误差：-0.0551463
低于目标谱10%控制点个数：0
低于目标谱控制点个数：19
高于目标谱30%控制点个数：0
初始时程不满足目标反应谱包络要求，开始进行迭代修正！
第16轮迭代修正开始！
计算反应谱与目标反应谱包络性检查结果：
最大误差：0.127718；最大正误差：0.127718；最大负误差：-0.0538508
低于目标谱10%控制点个数：0
低于目标谱控制点个数：18
高于目标谱30%控制点个数：0
初始时程不满足目标反应谱包络要求，开始进行迭代修正！
第17轮迭代修正开始！
计算反应谱与目标反应谱包络性检查结果：
最大误差：0.133841；最大正误差：0.133841；最大负误差：-0.0523688
低于目标谱10%控制点个数：0
低于目标谱控制点个数：16
高于目标谱30%控制点个数：0
初始时程不满足目标反应谱包络要求，开始进行迭代修正！
第18轮迭代修正开始！
计算反应谱与目标反应谱包络性检查结果：
最大误差：0.139949；最大正误差：0.139949；最大负误差：-0.0507448
低于目标谱10%控制点个数：0
低于目标谱控制点个数：14
高于目标谱30%控制点个数：0
初始时程不满足目标反应谱包络要求，开始进行迭代修正！
第19轮迭代修正开始！
计算反应谱与目标反应谱包络性检查结果：
最大误差：0.146074；最大正误差：0.146074；最大负误差：-0.0492569
低于目标谱10%控制点个数：0
低于目标谱控制点个数：15
高于目标谱30%控制点个数：0
初始时程不满足目标反应谱包络要求，开始进行迭代修正！
第20轮迭代修正开始！
计算反应谱与目标反应谱包络性检查结果：
最大误差：0.152083；最大正误差：0.152083；最大负误差：-0.0487832
低于目标谱10%控制点个数：0
低于目标谱控制点个数：14
高于目标谱30%控制点个数：0
初始时程不满足目标反应谱包络要求，开始进行迭代修正！
第21轮迭代修正开始！
计算反应谱与目标反应谱包络性检查结果：
最大误差：0.157934；最大正误差：0.157934；最大负误差：-0.0494041
低于目标谱10%控制点个数：0
低于目标谱控制点个数：11
高于目标谱30%控制点个数：0
初始时程不满足目标反应谱包络要求，开始进行迭代修正！
第22轮迭代修正开始！
计算反应谱与目标反应谱包络性检查结果：
最大误差：0.163055；最大正误差：0.163055；最大负误差：-0.0502384
低于目标谱10%控制点个数：0
低于目标谱控制点个数：11
高于目标谱30%控制点个数：0
初始时程不满足目标反应谱包络要求，开始进行迭代修正！
第23轮迭代修正开始！
计算反应谱与目标反应谱包络性检查结果：
最大误差：0.16721；最大正误差：0.16721；最大负误差：-0.0506657
低于目标谱10%控制点个数：0
低于目标谱控制点个数：10
高于目标谱30%控制点个数：0
初始时程不满足目标反应谱包络要求，开始进行迭代修正！
第24轮迭代修正开始！
计算反应谱与目标反应谱包络性检查结果：
最大误差：0.17067；最大正误差：0.17067；最大负误差：-0.0508317
低于目标谱10%控制点个数：0
低于目标谱控制点个数：10
高于目标谱30%控制点个数：0
初始时程不满足目标反应谱包络要求，开始进行迭代修正！
第25轮迭代修正开始！
计算反应谱与目标反应谱包络性检查结果：
最大误差：0.173678；最大正误差：0.173678；最大负误差：-0.0507444
低于目标谱10%控制点个数：0
低于目标谱控制点个数：9
高于目标谱30%控制点个数：0
初始时程不满足目标反应谱包络要求，开始进行迭代修正！
第26轮迭代修正开始！
计算反应谱与目标反应谱包络性检查结果：
最大误差：0.176303；最大正误差：0.176303；最大负误差：-0.0505049
低于目标谱10%控制点个数：0
低于目标谱控制点个数：7
高于目标谱30%控制点个数：0
初始时程不满足目标反应谱包络要求，开始进行迭代修正！
第27轮迭代修正开始！
计算反应谱与目标反应谱包络性检查结果：
最大误差：0.178668；最大正误差：0.178668；最大负误差：-0.0501365
低于目标谱10%控制点个数：0
低于目标谱控制点个数：7
高于目标谱30%控制点个数：0
初始时程不满足目标反应谱包络要求，开始进行迭代修正！
第28轮迭代修正开始！
计算反应谱与目标反应谱包络性检查结果：
最大误差：0.180846；最大正误差：0.180846；最大负误差：-0.0495625
低于目标谱10%控制点个数：0
低于目标谱控制点个数：7
高于目标谱30%控制点个数：0
初始时程不满足目标反应谱包络要求，开始进行迭代修正！
第29轮迭代修正开始！
计算反应谱与目标反应谱包络性检查结果：
最大误差：0.182863；最大正误差：0.182863；最大负误差：-0.0488973
低于目标谱10%控制点个数：0
低于目标谱控制点个数：7
高于目标谱30%控制点个数：0
初始时程不满足目标反应谱包络要求，开始进行迭代修正！
第30轮迭代修正开始！
计算反应谱与目标反应谱包络性检查结果：
最大误差：0.184767；最大正误差：0.184767；最大负误差：-0.0481918
低于目标谱10%控制点个数：0
低于目标谱控制点个数：6
高于目标谱30%控制点个数：0
初始时程不满足目标反应谱包络要求，开始进行迭代修正！
第31轮迭代修正开始！
计算反应谱与目标反应谱包络性检查结果：
最大误差：0.185829；最大正误差：0.185829；最大负误差：-0.0477344
低于目标谱10%控制点个数：0
低于目标谱控制点个数：5
高于目标谱30%控制点个数：0
经过31轮迭代，计算反应谱满足目标反应谱包络要求
